2018-10-19 19:35:28,595 INFO:     


 
2018-10-19 19:35:28,597 INFO:     Started New VAE Training run. 
2018-10-19 19:35:28,976 INFO:     __________________________________________________________________________________________________ 
2018-10-19 19:35:28,979 INFO:     Layer (type)                    Output Shape         Param #     Connected to                      
2018-10-19 19:35:28,980 INFO:     ================================================================================================== 
2018-10-19 19:35:28,982 INFO:     encoder_input (InputLayer)      (None, 256, 192, 3)  0                                             
2018-10-19 19:35:28,983 INFO:     __________________________________________________________________________________________________ 
2018-10-19 19:35:28,984 INFO:     encoder_conv_1 (Conv2D)         (None, 128, 96, 32)  896         encoder_input[0][0]               
2018-10-19 19:35:28,985 INFO:     __________________________________________________________________________________________________ 
2018-10-19 19:35:28,986 INFO:     encoder_conv_2 (Conv2D)         (None, 64, 48, 64)   18496       encoder_conv_1[0][0]              
2018-10-19 19:35:28,987 INFO:     __________________________________________________________________________________________________ 
2018-10-19 19:35:28,987 INFO:     encoder_conv_3 (Conv2D)         (None, 32, 24, 128)  73856       encoder_conv_2[0][0]              
2018-10-19 19:35:28,988 INFO:     __________________________________________________________________________________________________ 
2018-10-19 19:35:28,989 INFO:     flatten_1 (Flatten)             (None, 98304)        0           encoder_conv_3[0][0]              
2018-10-19 19:35:28,990 INFO:     __________________________________________________________________________________________________ 
2018-10-19 19:35:28,992 INFO:     z_mean (Dense)                  (None, 128)          12583040    flatten_1[0][0]                   
2018-10-19 19:35:28,993 INFO:     __________________________________________________________________________________________________ 
2018-10-19 19:35:28,994 INFO:     z_log_var (Dense)               (None, 128)          12583040    flatten_1[0][0]                   
2018-10-19 19:35:28,995 INFO:     __________________________________________________________________________________________________ 
2018-10-19 19:35:28,996 INFO:     z (Lambda)                      (None, 128)          0           z_mean[0][0]                      
2018-10-19 19:35:28,997 INFO:                                                                      z_log_var[0][0]                   
2018-10-19 19:35:28,998 INFO:     ================================================================================================== 
2018-10-19 19:35:28,999 INFO:     Total params: 25,259,328 
2018-10-19 19:35:29,000 INFO:     Trainable params: 896 
2018-10-19 19:35:29,000 INFO:     Non-trainable params: 25,258,432 
2018-10-19 19:35:29,001 INFO:     __________________________________________________________________________________________________ 
2018-10-19 19:35:29,132 INFO:     _________________________________________________________________ 
2018-10-19 19:35:29,133 INFO:     Layer (type)                 Output Shape              Param #    
2018-10-19 19:35:29,134 INFO:     ================================================================= 
2018-10-19 19:35:29,135 INFO:     latent_inputs (InputLayer)   (None, 128)               0          
2018-10-19 19:35:29,135 INFO:     _________________________________________________________________ 
2018-10-19 19:35:29,136 INFO:     z_inflate (Dense)            (None, 98304)             12681216   
2018-10-19 19:35:29,138 INFO:     _________________________________________________________________ 
2018-10-19 19:35:29,139 INFO:     reshape_1 (Reshape)          (None, 32, 24, 128)       0          
2018-10-19 19:35:29,141 INFO:     _________________________________________________________________ 
2018-10-19 19:35:29,142 INFO:     decoder_deconv_3 (Conv2DTran (None, 64, 48, 64)        73792      
2018-10-19 19:35:29,142 INFO:     _________________________________________________________________ 
2018-10-19 19:35:29,143 INFO:     decoder_deconv_2 (Conv2DTran (None, 128, 96, 32)       18464      
2018-10-19 19:35:29,145 INFO:     _________________________________________________________________ 
2018-10-19 19:35:29,146 INFO:     decoder_deconv_1 (Conv2DTran (None, 256, 192, 16)      4624       
2018-10-19 19:35:29,147 INFO:     _________________________________________________________________ 
2018-10-19 19:35:29,148 INFO:     decoder_output (Conv2DTransp (None, 256, 192, 3)       435        
2018-10-19 19:35:29,149 INFO:     ================================================================= 
2018-10-19 19:35:29,150 INFO:     Total params: 12,778,531 
2018-10-19 19:35:29,151 INFO:     Trainable params: 5,059 
2018-10-19 19:35:29,152 INFO:     Non-trainable params: 12,773,472 
2018-10-19 19:35:29,153 INFO:     _________________________________________________________________ 
2018-10-19 19:35:29,198 INFO:     _________________________________________________________________ 
2018-10-19 19:35:29,199 INFO:     Layer (type)                 Output Shape              Param #    
2018-10-19 19:35:29,200 INFO:     ================================================================= 
2018-10-19 19:35:29,201 INFO:     encoder_input (InputLayer)   (None, 256, 192, 3)       0          
2018-10-19 19:35:29,202 INFO:     _________________________________________________________________ 
2018-10-19 19:35:29,203 INFO:     encoder_conv_1 (Conv2D)      (None, 128, 96, 32)       896        
2018-10-19 19:35:29,205 INFO:     _________________________________________________________________ 
2018-10-19 19:35:29,206 INFO:     decoder_deconv_1 (Conv2DTran (None, 256, 192, 16)      4624       
2018-10-19 19:35:29,207 INFO:     _________________________________________________________________ 
2018-10-19 19:35:29,208 INFO:     decoder_output (Conv2DTransp (None, 256, 192, 3)       435        
2018-10-19 19:35:29,209 INFO:     ================================================================= 
2018-10-19 19:35:29,211 INFO:     Total params: 5,955 
2018-10-19 19:35:29,211 INFO:     Trainable params: 5,955 
2018-10-19 19:35:29,212 INFO:     Non-trainable params: 0 
2018-10-19 19:35:29,213 INFO:     _________________________________________________________________ 
2018-10-19 19:35:32,968 INFO:     Extracted steps from 9 episodes in 3.82 seconds. 
2018-10-19 19:35:33,065 INFO:     Extracted steps from 6 episodes in 3.92 seconds. 
2018-10-19 19:35:33,076 INFO:     Extracted steps from 7 episodes in 3.91 seconds. 
2018-10-19 19:35:33,121 INFO:     Extracted steps from 8 episodes in 3.98 seconds. 
2018-10-19 19:35:40,820 INFO:     Extracted steps from 7 episodes in 3.62 seconds. 
2018-10-19 19:37:58,565 INFO:     


 
2018-10-19 19:37:58,567 INFO:     Started New VAE Training run. 
2018-10-19 19:37:58,703 INFO:     __________________________________________________________________________________________________ 
2018-10-19 19:37:58,705 INFO:     Layer (type)                    Output Shape         Param #     Connected to                      
2018-10-19 19:37:58,706 INFO:     ================================================================================================== 
2018-10-19 19:37:58,707 INFO:     encoder_input (InputLayer)      (None, 256, 192, 3)  0                                             
2018-10-19 19:37:58,708 INFO:     __________________________________________________________________________________________________ 
2018-10-19 19:37:58,708 INFO:     encoder_conv_1 (Conv2D)         (None, 128, 96, 32)  896         encoder_input[0][0]               
2018-10-19 19:37:58,709 INFO:     __________________________________________________________________________________________________ 
2018-10-19 19:37:58,710 INFO:     encoder_conv_2 (Conv2D)         (None, 64, 48, 64)   18496       encoder_conv_1[0][0]              
2018-10-19 19:37:58,710 INFO:     __________________________________________________________________________________________________ 
2018-10-19 19:37:58,711 INFO:     encoder_conv_3 (Conv2D)         (None, 32, 24, 128)  73856       encoder_conv_2[0][0]              
2018-10-19 19:37:58,712 INFO:     __________________________________________________________________________________________________ 
2018-10-19 19:37:58,713 INFO:     flatten_1 (Flatten)             (None, 98304)        0           encoder_conv_3[0][0]              
2018-10-19 19:37:58,714 INFO:     __________________________________________________________________________________________________ 
2018-10-19 19:37:58,715 INFO:     z_mean (Dense)                  (None, 64)           6291520     flatten_1[0][0]                   
2018-10-19 19:37:58,715 INFO:     __________________________________________________________________________________________________ 
2018-10-19 19:37:58,716 INFO:     z_log_var (Dense)               (None, 64)           6291520     flatten_1[0][0]                   
2018-10-19 19:37:58,717 INFO:     __________________________________________________________________________________________________ 
2018-10-19 19:37:58,717 INFO:     z (Lambda)                      (None, 64)           0           z_mean[0][0]                      
2018-10-19 19:37:58,718 INFO:                                                                      z_log_var[0][0]                   
2018-10-19 19:37:58,719 INFO:     ================================================================================================== 
2018-10-19 19:37:58,719 INFO:     Total params: 12,676,288 
2018-10-19 19:37:58,720 INFO:     Trainable params: 896 
2018-10-19 19:37:58,721 INFO:     Non-trainable params: 12,675,392 
2018-10-19 19:37:58,722 INFO:     __________________________________________________________________________________________________ 
2018-10-19 19:37:58,842 INFO:     _________________________________________________________________ 
2018-10-19 19:37:58,843 INFO:     Layer (type)                 Output Shape              Param #    
2018-10-19 19:37:58,844 INFO:     ================================================================= 
2018-10-19 19:37:58,845 INFO:     latent_inputs (InputLayer)   (None, 64)                0          
2018-10-19 19:37:58,845 INFO:     _________________________________________________________________ 
2018-10-19 19:37:58,846 INFO:     z_inflate (Dense)            (None, 98304)             6389760    
2018-10-19 19:37:58,846 INFO:     _________________________________________________________________ 
2018-10-19 19:37:58,847 INFO:     reshape_1 (Reshape)          (None, 32, 24, 128)       0          
2018-10-19 19:37:58,847 INFO:     _________________________________________________________________ 
2018-10-19 19:37:58,848 INFO:     decoder_deconv_3 (Conv2DTran (None, 64, 48, 64)        73792      
2018-10-19 19:37:58,849 INFO:     _________________________________________________________________ 
2018-10-19 19:37:58,850 INFO:     decoder_deconv_2 (Conv2DTran (None, 128, 96, 32)       18464      
2018-10-19 19:37:58,850 INFO:     _________________________________________________________________ 
2018-10-19 19:37:58,851 INFO:     decoder_deconv_1 (Conv2DTran (None, 256, 192, 16)      4624       
2018-10-19 19:37:58,852 INFO:     _________________________________________________________________ 
2018-10-19 19:37:58,853 INFO:     decoder_output (Conv2DTransp (None, 256, 192, 3)       435        
2018-10-19 19:37:58,854 INFO:     ================================================================= 
2018-10-19 19:37:58,855 INFO:     Total params: 6,487,075 
2018-10-19 19:37:58,856 INFO:     Trainable params: 5,059 
2018-10-19 19:37:58,856 INFO:     Non-trainable params: 6,482,016 
2018-10-19 19:37:58,857 INFO:     _________________________________________________________________ 
2018-10-19 19:37:58,899 INFO:     _________________________________________________________________ 
2018-10-19 19:37:58,900 INFO:     Layer (type)                 Output Shape              Param #    
2018-10-19 19:37:58,901 INFO:     ================================================================= 
2018-10-19 19:37:58,902 INFO:     encoder_input (InputLayer)   (None, 256, 192, 3)       0          
2018-10-19 19:37:58,902 INFO:     _________________________________________________________________ 
2018-10-19 19:37:58,903 INFO:     encoder_conv_1 (Conv2D)      (None, 128, 96, 32)       896        
2018-10-19 19:37:58,904 INFO:     _________________________________________________________________ 
2018-10-19 19:37:58,904 INFO:     decoder_deconv_1 (Conv2DTran (None, 256, 192, 16)      4624       
2018-10-19 19:37:58,905 INFO:     _________________________________________________________________ 
2018-10-19 19:37:58,906 INFO:     decoder_output (Conv2DTransp (None, 256, 192, 3)       435        
2018-10-19 19:37:58,906 INFO:     ================================================================= 
2018-10-19 19:37:58,907 INFO:     Total params: 5,955 
2018-10-19 19:37:58,908 INFO:     Trainable params: 5,955 
2018-10-19 19:37:58,909 INFO:     Non-trainable params: 0 
2018-10-19 19:37:58,910 INFO:     _________________________________________________________________ 
2018-10-19 19:38:02,486 INFO:     Extracted steps from 8 episodes in 3.69 seconds. 
2018-10-19 19:38:02,622 INFO:     Extracted steps from 10 episodes in 3.83 seconds. 
2018-10-19 19:38:02,853 INFO:     Extracted steps from 9 episodes in 4.05 seconds. 
2018-10-19 19:38:03,227 INFO:     Restored training state of epoch 1 
2018-10-19 19:38:03,231 INFO:      
2018-10-19 19:38:03,233 INFO:     Started Epoch 2 
2018-10-19 19:38:03,234 INFO:     Fetching observations from queue 
2018-10-19 19:38:03,415 INFO:     Extracted steps from 6 episodes in 4.60 seconds. 
2018-10-19 19:38:10,429 INFO:     Extracted steps from 9 episodes in 3.77 seconds. 
2018-10-19 19:38:11,863 INFO:     Waited 8.6s on observations to compute 
2018-10-19 19:38:15,571 INFO:     Extracted steps from 8 episodes in 3.53 seconds. 
2018-10-19 19:39:27,789 INFO:     Epoch statistics: 
2018-10-19 19:39:27,789 INFO:     Walltime:            84.557359 
2018-10-19 19:39:27,790 INFO:     Train loss:          0.0001 
2018-10-19 19:39:28,129 INFO:     Created encoder checkpoint results/sequential_training/vae_encoder_checkpoints/encoder_epoch_0002.h5 
2018-10-19 19:39:28,190 INFO:     Created decoder checkpoint results/sequential_training/vae_decoder_checkpoints/decoder_epoch_0002.h5 
2018-10-19 19:39:28,356 INFO:      
2018-10-19 19:39:28,357 INFO:     Finished VAE Training run. 
2018-10-19 19:39:28,792 INFO:     


 
2018-10-19 19:39:28,793 INFO:     Started New VAE Training run. 
2018-10-19 19:39:29,000 INFO:     __________________________________________________________________________________________________ 
2018-10-19 19:39:29,002 INFO:     Layer (type)                    Output Shape         Param #     Connected to                      
2018-10-19 19:39:29,003 INFO:     ================================================================================================== 
2018-10-19 19:39:29,004 INFO:     encoder_input (InputLayer)      (None, 256, 192, 3)  0                                             
2018-10-19 19:39:29,005 INFO:     __________________________________________________________________________________________________ 
2018-10-19 19:39:29,006 INFO:     encoder_conv_1 (Conv2D)         (None, 128, 96, 32)  896         encoder_input[0][0]               
2018-10-19 19:39:29,007 INFO:     __________________________________________________________________________________________________ 
2018-10-19 19:39:29,008 INFO:     encoder_conv_2 (Conv2D)         (None, 64, 48, 64)   18496       encoder_conv_1[0][0]              
2018-10-19 19:39:29,008 INFO:     __________________________________________________________________________________________________ 
2018-10-19 19:39:29,009 INFO:     encoder_conv_3 (Conv2D)         (None, 32, 24, 128)  73856       encoder_conv_2[0][0]              
2018-10-19 19:39:29,010 INFO:     __________________________________________________________________________________________________ 
2018-10-19 19:39:29,011 INFO:     flatten_2 (Flatten)             (None, 98304)        0           encoder_conv_3[0][0]              
2018-10-19 19:39:29,012 INFO:     __________________________________________________________________________________________________ 
2018-10-19 19:39:29,013 INFO:     z_mean (Dense)                  (None, 64)           6291520     flatten_2[0][0]                   
2018-10-19 19:39:29,014 INFO:     __________________________________________________________________________________________________ 
2018-10-19 19:39:29,014 INFO:     z_log_var (Dense)               (None, 64)           6291520     flatten_2[0][0]                   
2018-10-19 19:39:29,015 INFO:     __________________________________________________________________________________________________ 
2018-10-19 19:39:29,016 INFO:     z (Lambda)                      (None, 64)           0           z_mean[0][0]                      
2018-10-19 19:39:29,017 INFO:                                                                      z_log_var[0][0]                   
2018-10-19 19:39:29,017 INFO:     ================================================================================================== 
2018-10-19 19:39:29,019 INFO:     Total params: 12,676,288 
2018-10-19 19:39:29,019 INFO:     Trainable params: 18,496 
2018-10-19 19:39:29,020 INFO:     Non-trainable params: 12,657,792 
2018-10-19 19:39:29,021 INFO:     __________________________________________________________________________________________________ 
2018-10-19 19:39:29,152 INFO:     _________________________________________________________________ 
2018-10-19 19:39:29,153 INFO:     Layer (type)                 Output Shape              Param #    
2018-10-19 19:39:29,154 INFO:     ================================================================= 
2018-10-19 19:39:29,155 INFO:     latent_inputs (InputLayer)   (None, 64)                0          
2018-10-19 19:39:29,156 INFO:     _________________________________________________________________ 
2018-10-19 19:39:29,157 INFO:     z_inflate (Dense)            (None, 98304)             6389760    
2018-10-19 19:39:29,158 INFO:     _________________________________________________________________ 
2018-10-19 19:39:29,158 INFO:     reshape_2 (Reshape)          (None, 32, 24, 128)       0          
2018-10-19 19:39:29,159 INFO:     _________________________________________________________________ 
2018-10-19 19:39:29,160 INFO:     decoder_deconv_3 (Conv2DTran (None, 64, 48, 64)        73792      
2018-10-19 19:39:29,161 INFO:     _________________________________________________________________ 
2018-10-19 19:39:29,162 INFO:     decoder_deconv_2 (Conv2DTran (None, 128, 96, 32)       18464      
2018-10-19 19:39:29,163 INFO:     _________________________________________________________________ 
2018-10-19 19:39:29,164 INFO:     decoder_deconv_1 (Conv2DTran (None, 256, 192, 16)      4624       
2018-10-19 19:39:29,165 INFO:     _________________________________________________________________ 
2018-10-19 19:39:29,166 INFO:     decoder_output (Conv2DTransp (None, 256, 192, 3)       435        
2018-10-19 19:39:29,167 INFO:     ================================================================= 
2018-10-19 19:39:29,168 INFO:     Total params: 6,487,075 
2018-10-19 19:39:29,169 INFO:     Trainable params: 18,464 
2018-10-19 19:39:29,170 INFO:     Non-trainable params: 6,468,611 
2018-10-19 19:39:29,171 INFO:     _________________________________________________________________ 
2018-10-19 19:39:29,263 INFO:     _________________________________________________________________ 
2018-10-19 19:39:29,265 INFO:     Layer (type)                 Output Shape              Param #    
2018-10-19 19:39:29,265 INFO:     ================================================================= 
2018-10-19 19:39:29,267 INFO:     encoder_input (InputLayer)   (None, 256, 192, 3)       0          
2018-10-19 19:39:29,268 INFO:     _________________________________________________________________ 
2018-10-19 19:39:29,269 INFO:     encoder_conv_1 (Conv2D)      (None, 128, 96, 32)       896        
2018-10-19 19:39:29,270 INFO:     _________________________________________________________________ 
2018-10-19 19:39:29,271 INFO:     encoder_conv_2 (Conv2D)      (None, 64, 48, 64)        18496      
2018-10-19 19:39:29,272 INFO:     _________________________________________________________________ 
2018-10-19 19:39:29,273 INFO:     decoder_deconv_2 (Conv2DTran (None, 128, 96, 32)       18464      
2018-10-19 19:39:29,274 INFO:     _________________________________________________________________ 
2018-10-19 19:39:29,275 INFO:     decoder_deconv_1 (Conv2DTran (None, 256, 192, 16)      4624       
2018-10-19 19:39:29,276 INFO:     _________________________________________________________________ 
2018-10-19 19:39:29,277 INFO:     decoder_output (Conv2DTransp (None, 256, 192, 3)       435        
2018-10-19 19:39:29,278 INFO:     ================================================================= 
2018-10-19 19:39:29,280 INFO:     Total params: 42,915 
2018-10-19 19:39:29,281 INFO:     Trainable params: 36,960 
2018-10-19 19:39:29,282 INFO:     Non-trainable params: 5,955 
2018-10-19 19:39:29,283 INFO:     _________________________________________________________________ 
2018-10-19 19:39:32,063 INFO:     Restored training state of epoch 2 
2018-10-19 19:39:32,067 INFO:      
2018-10-19 19:39:32,068 INFO:     Started Epoch 3 
2018-10-19 19:39:32,068 INFO:     Fetching observations from queue 
2018-10-19 19:39:32,857 INFO:     Extracted steps from 6 episodes in 3.66 seconds. 
2018-10-19 19:39:33,042 INFO:     Extracted steps from 8 episodes in 3.92 seconds. 
2018-10-19 19:39:33,254 INFO:     Extracted steps from 8 episodes in 4.12 seconds. 
2018-10-19 19:39:33,460 INFO:     Extracted steps from 9 episodes in 4.26 seconds. 
2018-10-19 19:39:40,266 INFO:     Waited 8.2s on observations to compute 
2018-10-19 19:39:40,865 INFO:     Extracted steps from 8 episodes in 3.64 seconds. 
2018-10-19 19:39:44,498 INFO:     Extracted steps from 9 episodes in 4.05 seconds. 
2018-10-19 19:40:52,600 INFO:     Epoch statistics: 
2018-10-19 19:40:52,601 INFO:     Walltime:            80.533172 
2018-10-19 19:40:52,601 INFO:     Train loss:          0.0001 
2018-10-19 19:40:52,602 INFO:      
2018-10-19 19:40:52,603 INFO:     Started Epoch 4 
2018-10-19 19:40:52,604 INFO:     Fetching observations from queue 
2018-10-19 19:40:52,605 INFO:     Waited 0.0s on observations to compute 
2018-10-19 19:40:56,282 INFO:     Extracted steps from 9 episodes in 3.45 seconds. 
2018-10-19 19:42:01,204 INFO:     Epoch statistics: 
2018-10-19 19:42:01,205 INFO:     Walltime:            68.602189 
2018-10-19 19:42:01,206 INFO:     Train loss:          0.0001 
2018-10-19 19:42:01,385 INFO:      
2018-10-19 19:42:01,386 INFO:     Started Epoch 5 
2018-10-19 19:42:01,387 INFO:     Fetching observations from queue 
2018-10-19 19:42:01,388 INFO:     Waited 0.0s on observations to compute 
2018-10-19 19:42:05,361 INFO:     Extracted steps from 8 episodes in 3.74 seconds. 
2018-10-19 19:43:08,782 INFO:     Epoch statistics: 
2018-10-19 19:43:08,783 INFO:     Walltime:            67.396806 
2018-10-19 19:43:08,783 INFO:     Train loss:          0.0001 
2018-10-19 19:43:08,898 INFO:     Created encoder checkpoint results/sequential_training/vae_encoder_checkpoints/encoder_epoch_0005.h5 
2018-10-19 19:43:08,985 INFO:     Created decoder checkpoint results/sequential_training/vae_decoder_checkpoints/decoder_epoch_0005.h5 
2018-10-19 19:43:09,300 INFO:     Created encoder checkpoint results/sequential_training/vae_encoder_checkpoints/encoder_epoch_0005.h5 
2018-10-19 19:43:09,446 INFO:     Created decoder checkpoint results/sequential_training/vae_decoder_checkpoints/decoder_epoch_0005.h5 
2018-10-19 19:43:10,141 INFO:      
2018-10-19 19:43:10,142 INFO:     Finished VAE Training run. 
2018-10-19 19:43:10,584 INFO:     


 
2018-10-19 19:43:10,585 INFO:     Started New VAE Training run. 
2018-10-19 19:43:10,862 INFO:     __________________________________________________________________________________________________ 
2018-10-19 19:43:10,864 INFO:     Layer (type)                    Output Shape         Param #     Connected to                      
2018-10-19 19:43:10,865 INFO:     ================================================================================================== 
2018-10-19 19:43:10,866 INFO:     encoder_input (InputLayer)      (None, 256, 192, 3)  0                                             
2018-10-19 19:43:10,867 INFO:     __________________________________________________________________________________________________ 
2018-10-19 19:43:10,868 INFO:     encoder_conv_1 (Conv2D)         (None, 128, 96, 32)  896         encoder_input[0][0]               
2018-10-19 19:43:10,869 INFO:     __________________________________________________________________________________________________ 
2018-10-19 19:43:10,870 INFO:     encoder_conv_2 (Conv2D)         (None, 64, 48, 64)   18496       encoder_conv_1[0][0]              
2018-10-19 19:43:10,871 INFO:     __________________________________________________________________________________________________ 
2018-10-19 19:43:10,871 INFO:     encoder_conv_3 (Conv2D)         (None, 32, 24, 128)  73856       encoder_conv_2[0][0]              
2018-10-19 19:43:10,872 INFO:     __________________________________________________________________________________________________ 
2018-10-19 19:43:10,873 INFO:     flatten_3 (Flatten)             (None, 98304)        0           encoder_conv_3[0][0]              
2018-10-19 19:43:10,874 INFO:     __________________________________________________________________________________________________ 
2018-10-19 19:43:10,875 INFO:     z_mean (Dense)                  (None, 64)           6291520     flatten_3[0][0]                   
2018-10-19 19:43:10,876 INFO:     __________________________________________________________________________________________________ 
2018-10-19 19:43:10,877 INFO:     z_log_var (Dense)               (None, 64)           6291520     flatten_3[0][0]                   
2018-10-19 19:43:10,879 INFO:     __________________________________________________________________________________________________ 
2018-10-19 19:43:10,880 INFO:     z (Lambda)                      (None, 64)           0           z_mean[0][0]                      
2018-10-19 19:43:10,881 INFO:                                                                      z_log_var[0][0]                   
2018-10-19 19:43:10,882 INFO:     ================================================================================================== 
2018-10-19 19:43:10,884 INFO:     Total params: 12,676,288 
2018-10-19 19:43:10,885 INFO:     Trainable params: 73,856 
2018-10-19 19:43:10,887 INFO:     Non-trainable params: 12,602,432 
2018-10-19 19:43:10,887 INFO:     __________________________________________________________________________________________________ 
2018-10-19 19:43:11,067 INFO:     _________________________________________________________________ 
2018-10-19 19:43:11,069 INFO:     Layer (type)                 Output Shape              Param #    
2018-10-19 19:43:11,070 INFO:     ================================================================= 
2018-10-19 19:43:11,070 INFO:     latent_inputs (InputLayer)   (None, 64)                0          
2018-10-19 19:43:11,071 INFO:     _________________________________________________________________ 
2018-10-19 19:43:11,072 INFO:     z_inflate (Dense)            (None, 98304)             6389760    
2018-10-19 19:43:11,073 INFO:     _________________________________________________________________ 
2018-10-19 19:43:11,074 INFO:     reshape_3 (Reshape)          (None, 32, 24, 128)       0          
2018-10-19 19:43:11,075 INFO:     _________________________________________________________________ 
2018-10-19 19:43:11,076 INFO:     decoder_deconv_3 (Conv2DTran (None, 64, 48, 64)        73792      
2018-10-19 19:43:11,077 INFO:     _________________________________________________________________ 
2018-10-19 19:43:11,078 INFO:     decoder_deconv_2 (Conv2DTran (None, 128, 96, 32)       18464      
2018-10-19 19:43:11,078 INFO:     _________________________________________________________________ 
2018-10-19 19:43:11,080 INFO:     decoder_deconv_1 (Conv2DTran (None, 256, 192, 16)      4624       
2018-10-19 19:43:11,081 INFO:     _________________________________________________________________ 
2018-10-19 19:43:11,082 INFO:     decoder_output (Conv2DTransp (None, 256, 192, 3)       435        
2018-10-19 19:43:11,083 INFO:     ================================================================= 
2018-10-19 19:43:11,084 INFO:     Total params: 6,487,075 
2018-10-19 19:43:11,085 INFO:     Trainable params: 73,792 
2018-10-19 19:43:11,086 INFO:     Non-trainable params: 6,413,283 
2018-10-19 19:43:11,087 INFO:     _________________________________________________________________ 
2018-10-19 19:43:11,213 INFO:     _________________________________________________________________ 
2018-10-19 19:43:11,214 INFO:     Layer (type)                 Output Shape              Param #    
2018-10-19 19:43:11,215 INFO:     ================================================================= 
2018-10-19 19:43:11,216 INFO:     encoder_input (InputLayer)   (None, 256, 192, 3)       0          
2018-10-19 19:43:11,217 INFO:     _________________________________________________________________ 
2018-10-19 19:43:11,218 INFO:     encoder_conv_1 (Conv2D)      (None, 128, 96, 32)       896        
2018-10-19 19:43:11,219 INFO:     _________________________________________________________________ 
2018-10-19 19:43:11,220 INFO:     encoder_conv_2 (Conv2D)      (None, 64, 48, 64)        18496      
2018-10-19 19:43:11,221 INFO:     _________________________________________________________________ 
2018-10-19 19:43:11,222 INFO:     encoder_conv_3 (Conv2D)      (None, 32, 24, 128)       73856      
2018-10-19 19:43:11,223 INFO:     _________________________________________________________________ 
2018-10-19 19:43:11,224 INFO:     decoder_deconv_3 (Conv2DTran (None, 64, 48, 64)        73792      
2018-10-19 19:43:11,225 INFO:     _________________________________________________________________ 
2018-10-19 19:43:11,226 INFO:     decoder_deconv_2 (Conv2DTran (None, 128, 96, 32)       18464      
2018-10-19 19:43:11,227 INFO:     _________________________________________________________________ 
2018-10-19 19:43:11,228 INFO:     decoder_deconv_1 (Conv2DTran (None, 256, 192, 16)      4624       
2018-10-19 19:43:11,229 INFO:     _________________________________________________________________ 
2018-10-19 19:43:11,230 INFO:     decoder_output (Conv2DTransp (None, 256, 192, 3)       435        
2018-10-19 19:43:11,231 INFO:     ================================================================= 
2018-10-19 19:43:11,232 INFO:     Total params: 190,563 
2018-10-19 19:43:11,233 INFO:     Trainable params: 147,648 
2018-10-19 19:43:11,234 INFO:     Non-trainable params: 42,915 
2018-10-19 19:43:11,235 INFO:     _________________________________________________________________ 
2018-10-19 19:43:14,553 INFO:     Restored training state of epoch 5 
2018-10-19 19:43:14,556 INFO:      
2018-10-19 19:43:14,557 INFO:     Started Epoch 6 
2018-10-19 19:43:14,558 INFO:     Fetching observations from queue 
2018-10-19 19:43:14,934 INFO:     Extracted steps from 9 episodes in 3.88 seconds. 
2018-10-19 19:43:15,105 INFO:     Extracted steps from 8 episodes in 4.04 seconds. 
2018-10-19 19:43:15,319 INFO:     Extracted steps from 7 episodes in 4.33 seconds. 
2018-10-19 19:43:15,490 INFO:     Extracted steps from 9 episodes in 4.44 seconds. 
2018-10-19 19:43:23,170 INFO:     Extracted steps from 8 episodes in 3.83 seconds. 
2018-10-19 19:43:26,666 INFO:     Waited 1.2e+01s on observations to compute 
2018-10-19 19:43:30,346 INFO:     Extracted steps from 8 episodes in 3.47 seconds. 
2018-10-19 19:44:36,300 INFO:     Epoch statistics: 
2018-10-19 19:44:36,301 INFO:     Walltime:            81.744166 
2018-10-19 19:44:36,302 INFO:     Train loss:          0.0001 
2018-10-19 19:44:36,516 INFO:      
2018-10-19 19:44:36,517 INFO:     Started Epoch 7 
2018-10-19 19:44:36,518 INFO:     Fetching observations from queue 
2018-10-19 19:44:36,519 INFO:     Waited 0.0s on observations to compute 
2018-10-19 19:44:40,172 INFO:     Extracted steps from 8 episodes in 3.42 seconds. 
2018-10-19 19:45:46,037 INFO:     Epoch statistics: 
2018-10-19 19:45:46,038 INFO:     Walltime:            69.521314 
2018-10-19 19:45:46,039 INFO:     Train loss:          0.0001 
2018-10-19 19:45:46,188 INFO:     Created encoder checkpoint results/sequential_training/vae_encoder_checkpoints/encoder_epoch_0007.h5 
2018-10-19 19:45:46,312 INFO:     Created decoder checkpoint results/sequential_training/vae_decoder_checkpoints/decoder_epoch_0007.h5 
2018-10-19 19:45:46,789 INFO:      
2018-10-19 19:45:46,790 INFO:     Finished VAE Training run. 
2018-10-19 19:45:47,197 INFO:     


 
2018-10-19 19:45:47,198 INFO:     Started New VAE Training run. 
2018-10-19 19:45:47,540 INFO:     __________________________________________________________________________________________________ 
2018-10-19 19:45:47,543 INFO:     Layer (type)                    Output Shape         Param #     Connected to                      
2018-10-19 19:45:47,544 INFO:     ================================================================================================== 
2018-10-19 19:45:47,545 INFO:     encoder_input (InputLayer)      (None, 256, 192, 3)  0                                             
2018-10-19 19:45:47,546 INFO:     __________________________________________________________________________________________________ 
2018-10-19 19:45:47,547 INFO:     encoder_conv_1 (Conv2D)         (None, 128, 96, 32)  896         encoder_input[0][0]               
2018-10-19 19:45:47,548 INFO:     __________________________________________________________________________________________________ 
2018-10-19 19:45:47,549 INFO:     encoder_conv_2 (Conv2D)         (None, 64, 48, 64)   18496       encoder_conv_1[0][0]              
2018-10-19 19:45:47,550 INFO:     __________________________________________________________________________________________________ 
2018-10-19 19:45:47,551 INFO:     encoder_conv_3 (Conv2D)         (None, 32, 24, 128)  73856       encoder_conv_2[0][0]              
2018-10-19 19:45:47,552 INFO:     __________________________________________________________________________________________________ 
2018-10-19 19:45:47,552 INFO:     flatten_4 (Flatten)             (None, 98304)        0           encoder_conv_3[0][0]              
2018-10-19 19:45:47,553 INFO:     __________________________________________________________________________________________________ 
2018-10-19 19:45:47,555 INFO:     z_mean (Dense)                  (None, 64)           6291520     flatten_4[0][0]                   
2018-10-19 19:45:47,556 INFO:     __________________________________________________________________________________________________ 
2018-10-19 19:45:47,557 INFO:     z_log_var (Dense)               (None, 64)           6291520     flatten_4[0][0]                   
2018-10-19 19:45:47,558 INFO:     __________________________________________________________________________________________________ 
2018-10-19 19:45:47,558 INFO:     z (Lambda)                      (None, 64)           0           z_mean[0][0]                      
2018-10-19 19:45:47,559 INFO:                                                                      z_log_var[0][0]                   
2018-10-19 19:45:47,560 INFO:     ================================================================================================== 
2018-10-19 19:45:47,562 INFO:     Total params: 12,676,288 
2018-10-19 19:45:47,563 INFO:     Trainable params: 12,583,040 
2018-10-19 19:45:47,563 INFO:     Non-trainable params: 93,248 
2018-10-19 19:45:47,564 INFO:     __________________________________________________________________________________________________ 
2018-10-19 19:45:47,755 INFO:     _________________________________________________________________ 
2018-10-19 19:45:47,757 INFO:     Layer (type)                 Output Shape              Param #    
2018-10-19 19:45:47,760 INFO:     ================================================================= 
2018-10-19 19:45:47,761 INFO:     latent_inputs (InputLayer)   (None, 64)                0          
2018-10-19 19:45:47,762 INFO:     _________________________________________________________________ 
2018-10-19 19:45:47,763 INFO:     z_inflate (Dense)            (None, 98304)             6389760    
2018-10-19 19:45:47,764 INFO:     _________________________________________________________________ 
2018-10-19 19:45:47,765 INFO:     reshape_4 (Reshape)          (None, 32, 24, 128)       0          
2018-10-19 19:45:47,766 INFO:     _________________________________________________________________ 
2018-10-19 19:45:47,767 INFO:     decoder_deconv_3 (Conv2DTran (None, 64, 48, 64)        73792      
2018-10-19 19:45:47,768 INFO:     _________________________________________________________________ 
2018-10-19 19:45:47,769 INFO:     decoder_deconv_2 (Conv2DTran (None, 128, 96, 32)       18464      
2018-10-19 19:45:47,770 INFO:     _________________________________________________________________ 
2018-10-19 19:45:47,771 INFO:     decoder_deconv_1 (Conv2DTran (None, 256, 192, 16)      4624       
2018-10-19 19:45:47,772 INFO:     _________________________________________________________________ 
2018-10-19 19:45:47,773 INFO:     decoder_output (Conv2DTransp (None, 256, 192, 3)       435        
2018-10-19 19:45:47,774 INFO:     ================================================================= 
2018-10-19 19:45:47,775 INFO:     Total params: 6,487,075 
2018-10-19 19:45:48,011 INFO:     Trainable params: 6,389,760 
2018-10-19 19:45:48,013 INFO:     Non-trainable params: 97,315 
2018-10-19 19:45:48,014 INFO:     _________________________________________________________________ 
2018-10-19 19:45:48,168 INFO:     _________________________________________________________________ 
2018-10-19 19:45:48,169 INFO:     Layer (type)                 Output Shape              Param #    
2018-10-19 19:45:48,170 INFO:     ================================================================= 
2018-10-19 19:45:48,171 INFO:     encoder_input (InputLayer)   (None, 256, 192, 3)       0          
2018-10-19 19:45:48,172 INFO:     _________________________________________________________________ 
2018-10-19 19:45:48,174 INFO:     encoder (Model)              [(None, 64), (None, 64),  12676288   
2018-10-19 19:45:48,175 INFO:     _________________________________________________________________ 
2018-10-19 19:45:48,176 INFO:     decoder (Model)              (None, 256, 192, 3)       6487075    
2018-10-19 19:45:48,177 INFO:     ================================================================= 
2018-10-19 19:45:48,178 INFO:     Total params: 19,163,363 
2018-10-19 19:45:48,179 INFO:     Trainable params: 18,972,800 
2018-10-19 19:45:48,180 INFO:     Non-trainable params: 190,563 
2018-10-19 19:45:48,181 INFO:     _________________________________________________________________ 
2018-10-19 19:45:51,806 INFO:     Extracted steps from 7 episodes in 4.05 seconds. 
2018-10-19 19:45:51,815 INFO:     Extracted steps from 7 episodes in 4.07 seconds. 
2018-10-19 19:45:51,974 INFO:     Extracted steps from 8 episodes in 4.22 seconds. 
2018-10-19 19:45:52,147 INFO:     Restored training state of epoch 7 
2018-10-19 19:45:52,150 INFO:      
2018-10-19 19:45:52,152 INFO:     Started Epoch 8 
2018-10-19 19:45:52,153 INFO:     Fetching observations from queue 
2018-10-19 19:45:52,379 INFO:     Extracted steps from 8 episodes in 4.71 seconds. 
2018-10-19 19:46:00,008 INFO:     Extracted steps from 6 episodes in 3.83 seconds. 
2018-10-19 19:46:01,258 INFO:     Waited 9.1s on observations to compute 
2018-10-19 19:46:05,328 INFO:     Extracted steps from 9 episodes in 3.88 seconds. 
2018-10-19 19:47:17,596 INFO:     Epoch statistics: 
2018-10-19 19:47:17,597 INFO:     Walltime:            85.445626 
2018-10-19 19:47:17,597 INFO:     Train loss:          0.0010 
2018-10-19 19:47:18,039 INFO:     Created encoder checkpoint results/sequential_training/vae_encoder_checkpoints/encoder_epoch_0008.h5 
2018-10-19 19:47:18,193 INFO:     Created decoder checkpoint results/sequential_training/vae_decoder_checkpoints/decoder_epoch_0008.h5 
2018-10-19 19:47:18,669 INFO:      
2018-10-19 19:47:18,670 INFO:     Finished VAE Training run. 

2018-10-19 20:01:21,493 INFO:     


 
2018-10-19 20:01:21,495 INFO:     Started New VAE Training run. 
2018-10-19 20:01:21,690 INFO:     __________________________________________________________________________________________________ 
2018-10-19 20:01:21,692 INFO:     Layer (type)                    Output Shape         Param #     Connected to                      
2018-10-19 20:01:21,693 INFO:     ================================================================================================== 
2018-10-19 20:01:21,694 INFO:     encoder_input (InputLayer)      (None, 256, 192, 3)  0                                             
2018-10-19 20:01:21,694 INFO:     __________________________________________________________________________________________________ 
2018-10-19 20:01:21,695 INFO:     encoder_conv_1 (Conv2D)         (None, 128, 96, 32)  896         encoder_input[0][0]               
2018-10-19 20:01:21,695 INFO:     __________________________________________________________________________________________________ 
2018-10-19 20:01:21,696 INFO:     encoder_conv_2 (Conv2D)         (None, 64, 48, 64)   18496       encoder_conv_1[0][0]              
2018-10-19 20:01:21,697 INFO:     __________________________________________________________________________________________________ 
2018-10-19 20:01:21,697 INFO:     encoder_conv_3 (Conv2D)         (None, 32, 24, 128)  73856       encoder_conv_2[0][0]              
2018-10-19 20:01:21,698 INFO:     __________________________________________________________________________________________________ 
2018-10-19 20:01:21,699 INFO:     flatten_1 (Flatten)             (None, 98304)        0           encoder_conv_3[0][0]              
2018-10-19 20:01:21,699 INFO:     __________________________________________________________________________________________________ 
2018-10-19 20:01:21,700 INFO:     z_mean (Dense)                  (None, 64)           6291520     flatten_1[0][0]                   
2018-10-19 20:01:21,701 INFO:     __________________________________________________________________________________________________ 
2018-10-19 20:01:21,701 INFO:     z_log_var (Dense)               (None, 64)           6291520     flatten_1[0][0]                   
2018-10-19 20:01:21,702 INFO:     __________________________________________________________________________________________________ 
2018-10-19 20:01:21,703 INFO:     z (Lambda)                      (None, 64)           0           z_mean[0][0]                      
2018-10-19 20:01:21,704 INFO:                                                                      z_log_var[0][0]                   
2018-10-19 20:01:21,705 INFO:     ================================================================================================== 
2018-10-19 20:01:21,706 INFO:     Total params: 12,676,288 
2018-10-19 20:01:21,706 INFO:     Trainable params: 12,676,288 
2018-10-19 20:01:21,707 INFO:     Non-trainable params: 0 
2018-10-19 20:01:21,708 INFO:     __________________________________________________________________________________________________ 
2018-10-19 20:01:21,839 INFO:     _________________________________________________________________ 
2018-10-19 20:01:21,840 INFO:     Layer (type)                 Output Shape              Param #    
2018-10-19 20:01:21,841 INFO:     ================================================================= 
2018-10-19 20:01:21,842 INFO:     latent_inputs (InputLayer)   (None, 64)                0          
2018-10-19 20:01:21,842 INFO:     _________________________________________________________________ 
2018-10-19 20:01:21,843 INFO:     z_inflate (Dense)            (None, 98304)             6389760    
2018-10-19 20:01:21,844 INFO:     _________________________________________________________________ 
2018-10-19 20:01:21,845 INFO:     reshape_1 (Reshape)          (None, 32, 24, 128)       0          
2018-10-19 20:01:21,846 INFO:     _________________________________________________________________ 
2018-10-19 20:01:21,847 INFO:     decoder_deconv_3 (Conv2DTran (None, 64, 48, 64)        73792      
2018-10-19 20:01:21,848 INFO:     _________________________________________________________________ 
2018-10-19 20:01:21,849 INFO:     decoder_deconv_2 (Conv2DTran (None, 128, 96, 32)       18464      
2018-10-19 20:01:21,850 INFO:     _________________________________________________________________ 
2018-10-19 20:01:21,851 INFO:     decoder_deconv_1 (Conv2DTran (None, 256, 192, 16)      4624       
2018-10-19 20:01:21,852 INFO:     _________________________________________________________________ 
2018-10-19 20:01:21,853 INFO:     decoder_output (Conv2DTransp (None, 256, 192, 3)       435        
2018-10-19 20:01:21,854 INFO:     ================================================================= 
2018-10-19 20:01:21,855 INFO:     Total params: 6,487,075 
2018-10-19 20:01:21,856 INFO:     Trainable params: 6,487,075 
2018-10-19 20:01:21,857 INFO:     Non-trainable params: 0 
2018-10-19 20:01:21,857 INFO:     _________________________________________________________________ 
2018-10-19 20:01:21,967 INFO:     _________________________________________________________________ 
2018-10-19 20:01:21,968 INFO:     Layer (type)                 Output Shape              Param #    
2018-10-19 20:01:21,969 INFO:     ================================================================= 
2018-10-19 20:01:21,970 INFO:     encoder_input (InputLayer)   (None, 256, 192, 3)       0          
2018-10-19 20:01:21,970 INFO:     _________________________________________________________________ 
2018-10-19 20:01:21,971 INFO:     encoder (Model)              [(None, 64), (None, 64),  12676288   
2018-10-19 20:01:21,972 INFO:     _________________________________________________________________ 
2018-10-19 20:01:21,973 INFO:     decoder (Model)              (None, 256, 192, 3)       6487075    
2018-10-19 20:01:21,974 INFO:     ================================================================= 
2018-10-19 20:01:21,975 INFO:     Total params: 19,163,363 
2018-10-19 20:01:21,976 INFO:     Trainable params: 19,163,363 
2018-10-19 20:01:21,977 INFO:     Non-trainable params: 0 
2018-10-19 20:01:21,978 INFO:     _________________________________________________________________ 
2018-10-19 20:01:25,710 INFO:     Extracted steps from 7 episodes in 3.71 seconds. 
2018-10-19 20:01:25,737 INFO:     Extracted steps from 6 episodes in 3.73 seconds. 
2018-10-19 20:01:25,756 INFO:     Extracted steps from 8 episodes in 3.85 seconds. 
2018-10-19 20:01:25,861 INFO:     Extracted steps from 7 episodes in 3.95 seconds. 
2018-10-19 20:01:33,316 INFO:     Extracted steps from 7 episodes in 3.43 seconds. 
2018-10-19 20:01:38,329 INFO:     Restored training state of epoch 8 
2018-10-19 20:01:38,932 INFO:      
2018-10-19 20:01:39,520 INFO:     Started Epoch 9 
2018-10-19 20:01:39,520 INFO:     Fetching observations from queue 
2018-10-19 20:01:39,521 INFO:     Waited 0.0s on observations to compute 
2018-10-19 20:01:43,032 INFO:     Extracted steps from 8 episodes in 3.34 seconds. 
2018-10-19 20:02:08,454 INFO:     Epoch statistics: 
2018-10-19 20:02:08,455 INFO:     Walltime:            29.522082 
2018-10-19 20:02:08,455 INFO:     Train loss:          2428226332786.7026 
2018-10-19 20:02:08,456 INFO:      
2018-10-19 20:02:08,456 INFO:     Started Epoch 10 
2018-10-19 20:02:08,457 INFO:     Fetching observations from queue 
2018-10-19 20:02:08,458 INFO:     Waited 0.0s on observations to compute 
2018-10-19 20:02:12,396 INFO:     Extracted steps from 9 episodes in 3.71 seconds. 
2018-10-19 20:02:31,642 INFO:     Epoch statistics: 
2018-10-19 20:02:31,643 INFO:     Walltime:            23.186456 
2018-10-19 20:02:31,644 INFO:     Train loss:          0.0048 
2018-10-19 20:02:32,025 INFO:     Created encoder checkpoint results/sequential_training/vae_encoder_checkpoints/encoder_epoch_0010.h5 
2018-10-19 20:02:32,105 INFO:     Created decoder checkpoint results/sequential_training/vae_decoder_checkpoints/decoder_epoch_0010.h5 
2018-10-19 20:02:32,106 INFO:      
2018-10-19 20:02:32,106 INFO:     Started Epoch 11 
2018-10-19 20:02:32,107 INFO:     Fetching observations from queue 
2018-10-19 20:02:32,108 INFO:     Waited 0.0s on observations to compute 
2018-10-19 20:02:35,774 INFO:     Extracted steps from 7 episodes in 3.46 seconds. 
2018-10-19 20:02:53,864 INFO:     Epoch statistics: 
2018-10-19 20:02:53,865 INFO:     Walltime:            21.758529 
2018-10-19 20:02:53,866 INFO:     Train loss:          0.0009 
2018-10-19 20:02:53,866 INFO:      
2018-10-19 20:02:53,867 INFO:     Started Epoch 12 
2018-10-19 20:02:53,868 INFO:     Fetching observations from queue 
2018-10-19 20:02:53,868 INFO:     Waited 0.0s on observations to compute 
2018-10-19 20:02:57,732 INFO:     Extracted steps from 9 episodes in 3.64 seconds. 
2018-10-19 20:03:15,392 INFO:     Epoch statistics: 
2018-10-19 20:03:15,393 INFO:     Walltime:            21.525417 
2018-10-19 20:03:15,394 INFO:     Train loss:          0.0006 
2018-10-19 20:03:15,545 INFO:      
2018-10-19 20:03:15,546 INFO:     Started Epoch 13 
2018-10-19 20:03:15,547 INFO:     Fetching observations from queue 
2018-10-19 20:03:15,548 INFO:     Waited 0.0s on observations to compute 
2018-10-19 20:03:19,108 INFO:     Extracted steps from 6 episodes in 3.33 seconds. 
2018-10-19 20:03:37,536 INFO:     Epoch statistics: 
2018-10-19 20:03:37,537 INFO:     Walltime:            21.991344 
2018-10-19 20:03:37,538 INFO:     Train loss:          0.0005 
2018-10-19 20:03:37,538 INFO:      
2018-10-19 20:03:37,539 INFO:     Started Epoch 14 
2018-10-19 20:03:37,540 INFO:     Fetching observations from queue 
2018-10-19 20:03:37,541 INFO:     Waited 0.0s on observations to compute 
2018-10-19 20:03:41,836 INFO:     Extracted steps from 9 episodes in 4.07 seconds. 
2018-10-19 20:03:59,082 INFO:     Epoch statistics: 
2018-10-19 20:03:59,082 INFO:     Walltime:            21.543336 
2018-10-19 20:03:59,083 INFO:     Train loss:          0.0004 
2018-10-19 20:03:59,277 INFO:     Created encoder checkpoint results/sequential_training/vae_encoder_checkpoints/encoder_epoch_0014.h5 
2018-10-19 20:03:59,308 INFO:     Created decoder checkpoint results/sequential_training/vae_decoder_checkpoints/decoder_epoch_0014.h5 
2018-10-19 20:03:59,941 INFO:      
2018-10-19 20:03:59,942 INFO:     Finished VAE Training run. 
